<?xml version="1.0" encoding="utf-8" standalone="no"?>
<!--This file represents the results of running a test suite-->
<test-results name="C:\Projects\rebelcmshome\src\Specs\bin\Release\Specs.dll" total="1" failures="0" not-run="0" date="2012-09-08" time="12:18:20">
  <environment nunit-version="2.2.8.0" clr-version="4.0.30319.269" os-version="Microsoft Windows NT 6.1.7601 Service Pack 1" platform="Win32NT" cwd="C:\Projects\rebelcmshome\src" machine-name="MARCELDUPRE430D" user="marceldupr" user-domain="MARCELDUPRE430D" />
  <culture-info current-culture="en-US" current-uiculture="en-US" />
  <test-suite name="C:\Projects\rebelcmshome\src\Specs\bin\Release\Specs.dll" success="True" time="0.012" asserts="0">
    <results>
      <test-suite name="Specs" success="True" time="0.010" asserts="0">
        <results>
          <test-suite name="Specs.DescribeRebelSdkSpecs" success="True" time="0.009" asserts="0">
            <results>
              <test-case name="Specs.DescribeRebelSdkSpecs.ItShouldRunThisTestOnContinuousIntegrationSystemAndPass" executed="True" success="True" time="0.006" asserts="1" />
            </results>
          </test-suite>
        </results>
      </test-suite>
    </results>
  </test-suite>
</test-results>